<?xml version="1.0" encoding="UTF-8"?>
<!-- Generated by org.testng.reporters.JUnitReportReporter -->
<testsuite hostname="SCRM-114" failures="0" tests="2" name="Contacts_Module.ContactsTestClass" time="71.138" errors="0" timestamp="2024-08-01T17:40:22 IST" skipped="1">
  <testcase classname="Contacts_Module.ContactsTestClass" name="MassUpdateContacts" time="71.138"/>
  <testcase classname="Contacts_Module.ContactsTestClass" name="FilterOnContactsModule">
    <skipped/>
  </testcase> <!-- FilterOnContactsModule -->
</testsuite> <!-- Contacts_Module.ContactsTestClass -->
