<?xml version="1.0" encoding="UTF-8"?>
<!-- Generated by org.testng.reporters.JUnitReportReporter -->
<testsuite hostname="DESKTOP-U2R92JI" failures="0" tests="9" name="Calls_Module.CallsTestClass" time="287.248" errors="0" timestamp="2023-09-22T16:40:36 IST" skipped="6">
  <testcase classname="Calls_Module.CallsTestClass" name="AddMultipleRemainders" time="170.575"/>
  <testcase classname="Calls_Module.CallsTestClass" name="DuplicateCalls" time="44.151"/>
  <testcase classname="Calls_Module.CallsTestClass" name="AddMulitpleInviteesInRemainder" time="72.522"/>
  <testcase classname="Calls_Module.CallsTestClass" name="ExportRecordsForCalls">
    <skipped/>
  </testcase> <!-- ExportRecordsForCalls -->
  <testcase classname="Calls_Module.CallsTestClass" name="MassUpdateCalls">
    <skipped/>
  </testcase> <!-- MassUpdateCalls -->
  <testcase classname="Calls_Module.CallsTestClass" name="DeleteCallFromEditOption">
    <skipped/>
  </testcase> <!-- DeleteCallFromEditOption -->
  <testcase classname="Calls_Module.CallsTestClass" name="CreateCalls">
    <skipped/>
  </testcase> <!-- CreateCalls -->
  <testcase classname="Calls_Module.CallsTestClass" name="DeleteCallFromListView">
    <skipped/>
  </testcase> <!-- DeleteCallFromListView -->
  <testcase classname="Calls_Module.CallsTestClass" name="EditCall">
    <skipped/>
  </testcase> <!-- EditCall -->
</testsuite> <!-- Calls_Module.CallsTestClass -->
