<?xml version="1.0" encoding="UTF-8"?>
<!-- Generated by org.testng.reporters.JUnitReportReporter -->
<testsuite hostname="DESKTOP-U2R92JI" failures="0" tests="1" name="Documents_Module.DocumentsTestClass" time="95.689" errors="0" timestamp="2023-09-25T16:12:35 IST" skipped="0">
  <testcase classname="Documents_Module.DocumentsTestClass" name="ExportRecordsForDocuments" time="95.689"/>
</testsuite> <!-- Documents_Module.DocumentsTestClass -->
