<?xml version="1.0" encoding="UTF-8"?>
<!-- Generated by org.testng.reporters.JUnitReportReporter -->
<testsuite hostname="SCRM-114" failures="0" tests="3" name="Meeting_Module.MeetingsTestClass" time="350.136" errors="0" timestamp="2024-08-01T17:40:22 IST" skipped="0">
  <testcase classname="Meeting_Module.MeetingsTestClass" name="AddMultipleRemainders" time="198.615"/>
  <testcase classname="Meeting_Module.MeetingsTestClass" name="AddMulitpleInviteesInRemainder" time="92.583"/>
  <testcase classname="Meeting_Module.MeetingsTestClass" name="MassUpdateMeetings" time="58.938"/>
</testsuite> <!-- Meeting_Module.MeetingsTestClass -->
