<?xml version="1.0" encoding="UTF-8"?>
<!-- Generated by org.testng.reporters.JUnitReportReporter -->
<testsuite hostname="DESKTOP-U2R92JI" failures="0" tests="1" name="Cases_Module.CasesTestClass" time="86.179" errors="0" timestamp="2023-09-25T16:12:35 IST" skipped="0">
  <testcase classname="Cases_Module.CasesTestClass" name="ExportRecordsForCases" time="86.179"/>
</testsuite> <!-- Cases_Module.CasesTestClass -->
