<?xml version="1.0" encoding="UTF-8"?>
<!-- Generated by org.testng.reporters.JUnitReportReporter -->
<testsuite hostname="DESKTOP-U2R92JI" failures="0" tests="1" name="SalesFlow.SalesFlowTestClass" time="252.139" errors="0" timestamp="2023-09-18T11:52:25 IST" skipped="0">
  <testcase classname="SalesFlow.SalesFlowTestClass" name="SalesFlow" time="252.139"/>
</testsuite> <!-- SalesFlow.SalesFlowTestClass -->
