<?xml version="1.0" encoding="UTF-8"?>
<!-- Generated by org.testng.reporters.JUnitReportReporter -->
<testsuite hostname="SCRM-114" failures="0" tests="1" name="SalesFlow.SupportFlowTestClass" time="468.661" errors="0" timestamp="2024-07-31T11:07:38 IST" skipped="0">
  <testcase classname="SalesFlow.SupportFlowTestClass" name="SupportFlow" time="468.661"/>
</testsuite> <!-- SalesFlow.SupportFlowTestClass -->
