<?xml version="1.0" encoding="UTF-8"?>
<!-- Generated by org.testng.reporters.JUnitReportReporter -->
<testsuite hostname="SCRM-114" failures="0" tests="2" name="Account_Module.AccountTestClass" time="50.990" errors="0" timestamp="2024-08-01T17:40:22 IST" skipped="1">
  <testcase classname="Account_Module.AccountTestClass" name="MassUpdateAccount" time="50.990"/>
  <testcase classname="Account_Module.AccountTestClass" name="FilterOnAccountModule">
    <skipped/>
  </testcase> <!-- FilterOnAccountModule -->
</testsuite> <!-- Account_Module.AccountTestClass -->
