<?xml version="1.0" encoding="UTF-8"?>
<!-- Generated by org.testng.reporters.JUnitReportReporter -->
<testsuite hostname="DESKTOP-U2R92JI" failures="0" tests="1" name="Invoice_Module.InvoiceTestClass" time="63.252" errors="0" timestamp="2023-09-25T16:12:35 IST" skipped="0">
  <testcase classname="Invoice_Module.InvoiceTestClass" name="ExportRecordsForInvoice" time="63.252"/>
</testsuite> <!-- Invoice_Module.InvoiceTestClass -->
