<?xml version="1.0" encoding="UTF-8"?>
<!-- Generated by org.testng.reporters.JUnitReportReporter -->
<testsuite hostname="SCRM-114" failures="0" tests="1" name="SalesFlow.SalesFlowTestClass" time="230.469" errors="0" timestamp="2024-08-01T17:11:36 IST" skipped="0">
  <testcase classname="SalesFlow.SalesFlowTestClass" name="SalesFlow" time="230.469"/>
</testsuite> <!-- SalesFlow.SalesFlowTestClass -->
