<?xml version="1.0" encoding="UTF-8"?>
<!-- Generated by org.testng.reporters.JUnitReportReporter -->
<testsuite hostname="SCRM-114" failures="0" tests="10" name="Partner_Contacts_Module.Partner_ContactsTestClass" time="120.885" errors="0" timestamp="2024-03-20T10:18:55 IST" skipped="9">
  <testcase classname="Partner_Contacts_Module.Partner_ContactsTestClass" name="MassUpdatePartnerContactsModule" time="120.885"/>
  <testcase classname="Partner_Contacts_Module.Partner_ContactsTestClass" name="EditPartnerContacts">
    <skipped/>
  </testcase> <!-- EditPartnerContacts -->
  <testcase classname="Partner_Contacts_Module.Partner_ContactsTestClass" name="MultipleEmailAddress">
    <skipped/>
  </testcase> <!-- MultipleEmailAddress -->
  <testcase classname="Partner_Contacts_Module.Partner_ContactsTestClass" name="CreatePartner_Contacts">
    <skipped/>
  </testcase> <!-- CreatePartner_Contacts -->
  <testcase classname="Partner_Contacts_Module.Partner_ContactsTestClass" name="DeletePartnerContactsFromEditOption">
    <skipped/>
  </testcase> <!-- DeletePartnerContactsFromEditOption -->
  <testcase classname="Partner_Contacts_Module.Partner_ContactsTestClass" name="DuplicatePartnerContacts">
    <skipped/>
  </testcase> <!-- DuplicatePartnerContacts -->
  <testcase classname="Partner_Contacts_Module.Partner_ContactsTestClass" name="EmailSetting">
    <skipped/>
  </testcase> <!-- EmailSetting -->
  <testcase classname="Partner_Contacts_Module.Partner_ContactsTestClass" name="ExportRecordsForPartner_Contacts">
    <skipped/>
  </testcase> <!-- ExportRecordsForPartner_Contacts -->
  <testcase classname="Partner_Contacts_Module.Partner_ContactsTestClass" name="alternteAddress">
    <skipped/>
  </testcase> <!-- alternteAddress -->
  <testcase classname="Partner_Contacts_Module.Partner_ContactsTestClass" name="DeletePartnerContactsFromListView">
    <skipped/>
  </testcase> <!-- DeletePartnerContactsFromListView -->
</testsuite> <!-- Partner_Contacts_Module.Partner_ContactsTestClass -->
