<?xml version="1.0" encoding="UTF-8"?>
<!-- Generated by org.testng.reporters.JUnitReportReporter -->
<testsuite hostname="DESKTOP-U2R92JI" failures="0" tests="1" name="Notes_Module.NotesTestClass" time="58.088" errors="0" timestamp="2023-09-25T16:12:35 IST" skipped="0">
  <testcase classname="Notes_Module.NotesTestClass" name="ExportRecordsForNotes" time="58.088"/>
</testsuite> <!-- Notes_Module.NotesTestClass -->
