<?xml version="1.0" encoding="UTF-8"?>
<!-- Generated by org.testng.reporters.JUnitReportReporter -->
<testsuite hostname="SCRM-114" failures="0" tests="1" name="BPM.Generic_CompleteBPM" time="4500.981" errors="0" timestamp="2024-07-31T18:30:10 IST" skipped="0">
  <testcase classname="BPM.Generic_CompleteBPM" name="BPM_All_Functionality" time="4500.981"/>
</testsuite> <!-- BPM.Generic_CompleteBPM -->
