<?xml version="1.0" encoding="UTF-8"?>
<!-- Generated by org.testng.reporters.JUnitReportReporter -->
<testsuite hostname="DESKTOP-U2R92JI" failures="0" tests="1" name="Partner_Contacts_Module.Partner_ContactsTestClass" time="58.814" errors="0" timestamp="2023-09-25T17:04:54 IST" skipped="0">
  <testcase classname="Partner_Contacts_Module.Partner_ContactsTestClass" name="ExportRecordsForPartner_Contacts" time="58.814"/>
</testsuite> <!-- Partner_Contacts_Module.Partner_ContactsTestClass -->
