<?xml version="1.0" encoding="UTF-8"?>
<!-- Generated by org.testng.reporters.JUnitReportReporter -->
<testsuite hostname="DESKTOP-U2R92JI" failures="0" tests="1" name="Bugs_Module.BugsTestClass" time="74.330" errors="0" timestamp="2023-09-25T16:12:35 IST" skipped="0">
  <testcase classname="Bugs_Module.BugsTestClass" name="ExportRecordsForBugs" time="74.330"/>
</testsuite> <!-- Bugs_Module.BugsTestClass -->
