<?xml version="1.0" encoding="UTF-8"?>
<!-- Generated by org.testng.reporters.JUnitReportReporter -->
<testsuite hostname="DESKTOP-U2R92JI" failures="0" tests="2" name="Contacts_Module.ContactsTestClass" time="64.419" errors="0" timestamp="2023-09-25T16:12:35 IST" skipped="1">
  <testcase classname="Contacts_Module.ContactsTestClass" name="ExportRecordsForContacts" time="64.419"/>
  <testcase classname="Contacts_Module.ContactsTestClass" name="FilterOnContactsModule">
    <skipped/>
  </testcase> <!-- FilterOnContactsModule -->
</testsuite> <!-- Contacts_Module.ContactsTestClass -->
