<?xml version="1.0" encoding="UTF-8"?>
<!-- Generated by org.testng.reporters.JUnitReportReporter -->
<testsuite hostname="SCRM-114" failures="0" tests="3" name="Calls_Module.CallsTestClass" time="307.113" errors="0" timestamp="2024-08-01T17:40:22 IST" skipped="0">
  <testcase classname="Calls_Module.CallsTestClass" name="MassUpdateCalls" time="54.534"/>
  <testcase classname="Calls_Module.CallsTestClass" name="AddMultipleRemainders" time="176.967"/>
  <testcase classname="Calls_Module.CallsTestClass" name="AddMulitpleInviteesInRemainder" time="75.612"/>
</testsuite> <!-- Calls_Module.CallsTestClass -->
