<?xml version="1.0" encoding="UTF-8"?>
<!-- Generated by org.testng.reporters.JUnitReportReporter -->
<testsuite hostname="SCRM-114" failures="0" tests="7" name="Opportunities_Module.OpportunitiesTestClass" time="1035.078" errors="0" timestamp="2024-08-02T17:29:40 IST" skipped="0">
  <testcase classname="Opportunities_Module.OpportunitiesTestClass" name="MassUpdateOpportunities" time="42.109"/>
  <testcase classname="Opportunities_Module.OpportunitiesTestClass" name="CreateOpportunities" time="775.149"/>
  <testcase classname="Opportunities_Module.OpportunitiesTestClass" name="DeleteOpportunityFromEditOption" time="31.421"/>
  <testcase classname="Opportunities_Module.OpportunitiesTestClass" name="ExportRecordsForOpportunities" time="48.017"/>
  <testcase classname="Opportunities_Module.OpportunitiesTestClass" name="DuplicateOpportunity" time="36.245"/>
  <testcase classname="Opportunities_Module.OpportunitiesTestClass" name="DeleteOpportunityFromListView" time="30.714"/>
  <testcase classname="Opportunities_Module.OpportunitiesTestClass" name="editOpportunity" time="71.423"/>
</testsuite> <!-- Opportunities_Module.OpportunitiesTestClass -->
