<?xml version="1.0" encoding="UTF-8"?>
<!-- Generated by org.testng.reporters.JUnitReportReporter -->
<testsuite hostname="DESKTOP-U2R92JI" failures="0" tests="9" name="Meeting_Module.MeetingsTestClass" time="60.998" errors="0" timestamp="2023-09-25T16:12:35 IST" skipped="8">
  <testcase classname="Meeting_Module.MeetingsTestClass" name="ExportRecordsForMeetings" time="60.998"/>
  <testcase classname="Meeting_Module.MeetingsTestClass" name="DuplicateCalls">
    <skipped/>
  </testcase> <!-- DuplicateCalls -->
  <testcase classname="Meeting_Module.MeetingsTestClass" name="AddMulitpleInviteesInRemainder">
    <skipped/>
  </testcase> <!-- AddMulitpleInviteesInRemainder -->
  <testcase classname="Meeting_Module.MeetingsTestClass" name="EditMeeting">
    <skipped/>
  </testcase> <!-- EditMeeting -->
  <testcase classname="Meeting_Module.MeetingsTestClass" name="MassUpdateMeetings">
    <skipped/>
  </testcase> <!-- MassUpdateMeetings -->
  <testcase classname="Meeting_Module.MeetingsTestClass" name="DeleteMeetingsFromListView">
    <skipped/>
  </testcase> <!-- DeleteMeetingsFromListView -->
  <testcase classname="Meeting_Module.MeetingsTestClass" name="CreateMeetings">
    <skipped/>
  </testcase> <!-- CreateMeetings -->
  <testcase classname="Meeting_Module.MeetingsTestClass" name="AddMultipleRemainders">
    <skipped/>
  </testcase> <!-- AddMultipleRemainders -->
  <testcase classname="Meeting_Module.MeetingsTestClass" name="DeleteMeetingsFromEditOption">
    <skipped/>
  </testcase> <!-- DeleteMeetingsFromEditOption -->
</testsuite> <!-- Meeting_Module.MeetingsTestClass -->
