<?xml version="1.0" encoding="UTF-8"?>
<!-- Generated by org.testng.reporters.JUnitReportReporter -->
<testsuite hostname="SCRM-114" failures="0" tests="1" name="Documents_Module.DocumentsTestClass" time="77.586" errors="0" timestamp="2024-08-01T17:40:22 IST" skipped="0">
  <testcase classname="Documents_Module.DocumentsTestClass" name="MassUpdateDocuments" time="77.586"/>
</testsuite> <!-- Documents_Module.DocumentsTestClass -->
