<?xml version="1.0" encoding="UTF-8"?>
<!-- Generated by org.testng.reporters.JUnitReportReporter -->
<testsuite hostname="DESKTOP-U2R92JI" failures="0" tests="1" name="Quotes_Module.QuotesTestClass" time="54.060" errors="0" timestamp="2023-09-25T16:12:35 IST" skipped="0">
  <testcase classname="Quotes_Module.QuotesTestClass" name="ExportRecordsForQuote" time="54.060"/>
</testsuite> <!-- Quotes_Module.QuotesTestClass -->
