<?xml version="1.0" encoding="UTF-8"?>
<!-- Generated by org.testng.reporters.JUnitReportReporter -->
<testsuite hostname="DESKTOP-U2R92JI" failures="0" tests="1" name="Feedback_Module.FeedbackTestClass" time="31.702" errors="0" timestamp="2023-09-15T12:21:01 IST" skipped="0">
  <testcase classname="Feedback_Module.FeedbackTestClass" name="GiveFeedback" time="31.702"/>
</testsuite> <!-- Feedback_Module.FeedbackTestClass -->
