<?xml version="1.0" encoding="UTF-8"?>
<!-- Generated by org.testng.reporters.JUnitReportReporter -->
<testsuite hostname="SCRM-114" failures="0" tests="10" name="Lead_Module.LeadTestClass" time="701.075" errors="0" timestamp="2024-08-02T09:37:46 IST" skipped="0">
  <testcase classname="Lead_Module.LeadTestClass" name="DuplicateLead" time="51.233"/>
  <testcase classname="Lead_Module.LeadTestClass" name="DeleteFromEditOption" time="45.727"/>
  <testcase classname="Lead_Module.LeadTestClass" name="alternteAddress" time="56.364"/>
  <testcase classname="Lead_Module.LeadTestClass" name="MultipleEmailAddress" time="30.036"/>
  <testcase classname="Lead_Module.LeadTestClass" name="CreateLead" time="281.316"/>
  <testcase classname="Lead_Module.LeadTestClass" name="ExportRecordsForLeads" time="61.492"/>
  <testcase classname="Lead_Module.LeadTestClass" name="EditLead" time="46.176"/>
  <testcase classname="Lead_Module.LeadTestClass" name="EmailSetting" time="37.945"/>
  <testcase classname="Lead_Module.LeadTestClass" name="MassUpdateLeads" time="54.025"/>
  <testcase classname="Lead_Module.LeadTestClass" name="DeleteLeadFromListView" time="36.761"/>
</testsuite> <!-- Lead_Module.LeadTestClass -->
