<?xml version="1.0" encoding="UTF-8"?>
<!-- Generated by org.testng.reporters.JUnitReportReporter -->
<testsuite hostname="DESKTOP-U2R92JI" failures="0" tests="2" name="Account_Module.AccountTestClass" time="51.308" errors="0" timestamp="2023-09-25T16:12:35 IST" skipped="1">
  <testcase classname="Account_Module.AccountTestClass" name="ExportRecordsForAccounts" time="51.308"/>
  <testcase classname="Account_Module.AccountTestClass" name="FilterOnAccountModule">
    <skipped/>
  </testcase> <!-- FilterOnAccountModule -->
</testsuite> <!-- Account_Module.AccountTestClass -->
