<?xml version="1.0" encoding="UTF-8"?>
<!-- Generated by org.testng.reporters.JUnitReportReporter -->
<testsuite hostname="DESKTOP-U2R92JI" failures="0" tests="2" name="Lead_Module.LeadTestClass" time="59.170" errors="0" timestamp="2023-09-25T16:12:35 IST" skipped="1">
  <testcase classname="Lead_Module.LeadTestClass" name="ExportRecordsForLeads" time="59.170"/>
  <testcase classname="Lead_Module.LeadTestClass" name="MultipleEmailAddress">
    <skipped/>
  </testcase> <!-- MultipleEmailAddress -->
</testsuite> <!-- Lead_Module.LeadTestClass -->
