<?xml version="1.0" encoding="UTF-8"?>
<!-- Generated by org.testng.reporters.JUnitReportReporter -->
<testsuite hostname="DESKTOP-U2R92JI" failures="0" tests="1" name="SalesFlow.SupportFlowTestClass" time="485.344" errors="0" timestamp="2023-09-18T11:46:34 IST" skipped="0">
  <testcase classname="SalesFlow.SupportFlowTestClass" name="SupportFlow" time="485.344"/>
</testsuite> <!-- SalesFlow.SupportFlowTestClass -->
